{"\\\\Posh-nas\\nas\\repo\\change_management\\app\\scripts\\app.js": {"path":"\\\\Posh-nas\\nas\\repo\\change_management\\app\\scripts\\app.js","statementMap":{"0":{"start":{"line":9,"column":0},"end":{"line":270,"column":3}},"1":{"start":{"line":10,"column":2},"end":{"line":10,"column":53}},"2":{"start":{"line":11,"column":14},"end":{"line":11,"column":16}},"3":{"start":{"line":13,"column":15},"end":{"line":13,"column":19}},"4":{"start":{"line":16,"column":2},"end":{"line":32,"column":4}},"5":{"start":{"line":17,"column":4},"end":{"line":31,"column":5}},"6":{"start":{"line":19,"column":6},"end":{"line":19,"column":39}},"7":{"start":{"line":20,"column":6},"end":{"line":20,"column":29}},"8":{"start":{"line":23,"column":6},"end":{"line":23,"column":28}},"9":{"start":{"line":26,"column":6},"end":{"line":26,"column":34}},"10":{"start":{"line":28,"column":6},"end":{"line":28,"column":50}},"11":{"start":{"line":30,"column":6},"end":{"line":30,"column":53}},"12":{"start":{"line":37,"column":4},"end":{"line":39,"column":7}},"13":{"start":{"line":38,"column":6},"end":{"line":38,"column":22}},"14":{"start":{"line":42,"column":4},"end":{"line":46,"column":7}},"15":{"start":{"line":43,"column":6},"end":{"line":45,"column":7}},"16":{"start":{"line":44,"column":8},"end":{"line":44,"column":24}},"17":{"start":{"line":49,"column":17},"end":{"line":49,"column":55}},"18":{"start":{"line":50,"column":4},"end":{"line":67,"column":7}},"19":{"start":{"line":51,"column":6},"end":{"line":66,"column":9}},"20":{"start":{"line":52,"column":8},"end":{"line":52,"column":27}},"21":{"start":{"line":55,"column":8},"end":{"line":57,"column":11}},"22":{"start":{"line":56,"column":10},"end":{"line":56,"column":50}},"23":{"start":{"line":60,"column":23},"end":{"line":60,"column":72}},"24":{"start":{"line":61,"column":8},"end":{"line":61,"column":47}},"25":{"start":{"line":64,"column":8},"end":{"line":64,"column":56}},"26":{"start":{"line":64,"column":26},"end":{"line":64,"column":54}},"27":{"start":{"line":65,"column":8},"end":{"line":65,"column":37}},"28":{"start":{"line":72,"column":4},"end":{"line":82,"column":7}},"29":{"start":{"line":73,"column":6},"end":{"line":73,"column":32}},"30":{"start":{"line":74,"column":6},"end":{"line":74,"column":32}},"31":{"start":{"line":77,"column":6},"end":{"line":79,"column":7}},"32":{"start":{"line":78,"column":8},"end":{"line":78,"column":127}},"33":{"start":{"line":81,"column":6},"end":{"line":81,"column":65}},"34":{"start":{"line":87,"column":24},"end":{"line":87,"column":62}},"35":{"start":{"line":88,"column":23},"end":{"line":88,"column":47}},"36":{"start":{"line":90,"column":4},"end":{"line":92,"column":5}},"37":{"start":{"line":91,"column":6},"end":{"line":91,"column":53}},"38":{"start":{"line":95,"column":4},"end":{"line":95,"column":24}},"39":{"start":{"line":98,"column":22},"end":{"line":98,"column":64}},"40":{"start":{"line":99,"column":23},"end":{"line":99,"column":76}},"41":{"start":{"line":102,"column":4},"end":{"line":102,"column":67}},"42":{"start":{"line":105,"column":4},"end":{"line":109,"column":5}},"43":{"start":{"line":106,"column":6},"end":{"line":106,"column":30}},"44":{"start":{"line":108,"column":6},"end":{"line":108,"column":35}},"45":{"start":{"line":114,"column":20},"end":{"line":119,"column":5}},"46":{"start":{"line":122,"column":4},"end":{"line":132,"column":9}},"47":{"start":{"line":124,"column":21},"end":{"line":124,"column":50}},"48":{"start":{"line":125,"column":8},"end":{"line":125,"column":50}},"49":{"start":{"line":128,"column":8},"end":{"line":128,"column":50}},"50":{"start":{"line":131,"column":8},"end":{"line":131,"column":29}},"51":{"start":{"line":137,"column":20},"end":{"line":142,"column":5}},"52":{"start":{"line":145,"column":4},"end":{"line":155,"column":9}},"53":{"start":{"line":147,"column":21},"end":{"line":147,"column":50}},"54":{"start":{"line":148,"column":8},"end":{"line":148,"column":59}},"55":{"start":{"line":151,"column":8},"end":{"line":151,"column":55}},"56":{"start":{"line":154,"column":8},"end":{"line":154,"column":29}},"57":{"start":{"line":160,"column":29},"end":{"line":160,"column":70}},"58":{"start":{"line":162,"column":4},"end":{"line":169,"column":5}},"59":{"start":{"line":163,"column":6},"end":{"line":167,"column":8}},"60":{"start":{"line":168,"column":6},"end":{"line":168,"column":13}},"61":{"start":{"line":172,"column":21},"end":{"line":172,"column":23}},"62":{"start":{"line":175,"column":4},"end":{"line":197,"column":5}},"63":{"start":{"line":175,"column":17},"end":{"line":175,"column":18}},"64":{"start":{"line":176,"column":21},"end":{"line":176,"column":31}},"65":{"start":{"line":177,"column":23},"end":{"line":177,"column":71}},"66":{"start":{"line":179,"column":6},"end":{"line":196,"column":8}},"67":{"start":{"line":200,"column":4},"end":{"line":200,"column":44}},"68":{"start":{"line":205,"column":19},"end":{"line":205,"column":21}},"69":{"start":{"line":207,"column":4},"end":{"line":209,"column":5}},"70":{"start":{"line":208,"column":6},"end":{"line":208,"column":52}},"71":{"start":{"line":211,"column":4},"end":{"line":213,"column":5}},"72":{"start":{"line":212,"column":6},"end":{"line":212,"column":51}},"73":{"start":{"line":215,"column":4},"end":{"line":215,"column":27}},"74":{"start":{"line":220,"column":20},"end":{"line":220,"column":61}},"75":{"start":{"line":222,"column":4},"end":{"line":226,"column":5}},"76":{"start":{"line":223,"column":6},"end":{"line":223,"column":41}},"77":{"start":{"line":225,"column":6},"end":{"line":225,"column":38}},"78":{"start":{"line":231,"column":4},"end":{"line":231,"column":34}},"79":{"start":{"line":234,"column":4},"end":{"line":234,"column":25}},"80":{"start":{"line":237,"column":22},"end":{"line":237,"column":64}},"81":{"start":{"line":238,"column":29},"end":{"line":238,"column":74}},"82":{"start":{"line":240,"column":4},"end":{"line":244,"column":6}},"83":{"start":{"line":248,"column":2},"end":{"line":266,"column":4}},"84":{"start":{"line":249,"column":4},"end":{"line":265,"column":7}},"85":{"start":{"line":250,"column":6},"end":{"line":264,"column":7}},"86":{"start":{"line":251,"column":8},"end":{"line":251,"column":31}},"87":{"start":{"line":253,"column":8},"end":{"line":256,"column":11}},"88":{"start":{"line":255,"column":10},"end":{"line":255,"column":33}},"89":{"start":{"line":259,"column":8},"end":{"line":263,"column":11}},"90":{"start":{"line":260,"column":10},"end":{"line":262,"column":11}},"91":{"start":{"line":261,"column":12},"end":{"line":261,"column":35}},"92":{"start":{"line":269,"column":2},"end":{"line":269,"column":13}}},"fnMap":{"0":{"name":"(anonymous_0)","decl":{"start":{"line":9,"column":46},"end":{"line":9,"column":47}},"loc":{"start":{"line":9,"column":57},"end":{"line":270,"column":1}},"line":9},"1":{"name":"(anonymous_1)","decl":{"start":{"line":16,"column":13},"end":{"line":16,"column":14}},"loc":{"start":{"line":16,"column":30},"end":{"line":32,"column":3}},"line":16},"2":{"name":"setupEventListeners","decl":{"start":{"line":35,"column":11},"end":{"line":35,"column":30}},"loc":{"start":{"line":35,"column":33},"end":{"line":68,"column":3}},"line":35},"3":{"name":"(anonymous_3)","decl":{"start":{"line":37,"column":70},"end":{"line":37,"column":71}},"loc":{"start":{"line":37,"column":81},"end":{"line":39,"column":5}},"line":37},"4":{"name":"(anonymous_4)","decl":{"start":{"line":42,"column":72},"end":{"line":42,"column":73}},"loc":{"start":{"line":42,"column":84},"end":{"line":46,"column":5}},"line":42},"5":{"name":"(anonymous_5)","decl":{"start":{"line":50,"column":17},"end":{"line":50,"column":18}},"loc":{"start":{"line":50,"column":24},"end":{"line":67,"column":5}},"line":50},"6":{"name":"(anonymous_6)","decl":{"start":{"line":51,"column":36},"end":{"line":51,"column":37}},"loc":{"start":{"line":51,"column":48},"end":{"line":66,"column":7}},"line":51},"7":{"name":"(anonymous_7)","decl":{"start":{"line":55,"column":55},"end":{"line":55,"column":56}},"loc":{"start":{"line":55,"column":63},"end":{"line":57,"column":9}},"line":55},"8":{"name":"(anonymous_8)","decl":{"start":{"line":64,"column":21},"end":{"line":64,"column":22}},"loc":{"start":{"line":64,"column":26},"end":{"line":64,"column":54}},"line":64},"9":{"name":"getInstallationParameters","decl":{"start":{"line":71,"column":11},"end":{"line":71,"column":36}},"loc":{"start":{"line":71,"column":39},"end":{"line":83,"column":3}},"line":71},"10":{"name":"(anonymous_10)","decl":{"start":{"line":72,"column":30},"end":{"line":72,"column":31}},"loc":{"start":{"line":72,"column":45},"end":{"line":80,"column":5}},"line":72},"11":{"name":"(anonymous_11)","decl":{"start":{"line":80,"column":13},"end":{"line":80,"column":14}},"loc":{"start":{"line":80,"column":29},"end":{"line":82,"column":5}},"line":80},"12":{"name":"performSearch","decl":{"start":{"line":86,"column":11},"end":{"line":86,"column":24}},"loc":{"start":{"line":86,"column":27},"end":{"line":110,"column":3}},"line":86},"13":{"name":"searchUsers","decl":{"start":{"line":113,"column":11},"end":{"line":113,"column":22}},"loc":{"start":{"line":113,"column":30},"end":{"line":133,"column":3}},"line":113},"14":{"name":"(anonymous_14)","decl":{"start":{"line":123,"column":12},"end":{"line":123,"column":13}},"loc":{"start":{"line":123,"column":31},"end":{"line":126,"column":7}},"line":123},"15":{"name":"(anonymous_15)","decl":{"start":{"line":127,"column":13},"end":{"line":127,"column":14}},"loc":{"start":{"line":127,"column":29},"end":{"line":129,"column":7}},"line":127},"16":{"name":"(anonymous_16)","decl":{"start":{"line":130,"column":15},"end":{"line":130,"column":16}},"loc":{"start":{"line":130,"column":26},"end":{"line":132,"column":7}},"line":130},"17":{"name":"searchRequesters","decl":{"start":{"line":136,"column":11},"end":{"line":136,"column":27}},"loc":{"start":{"line":136,"column":35},"end":{"line":156,"column":3}},"line":136},"18":{"name":"(anonymous_18)","decl":{"start":{"line":146,"column":12},"end":{"line":146,"column":13}},"loc":{"start":{"line":146,"column":31},"end":{"line":149,"column":7}},"line":146},"19":{"name":"(anonymous_19)","decl":{"start":{"line":150,"column":13},"end":{"line":150,"column":14}},"loc":{"start":{"line":150,"column":29},"end":{"line":152,"column":7}},"line":150},"20":{"name":"(anonymous_20)","decl":{"start":{"line":153,"column":15},"end":{"line":153,"column":16}},"loc":{"start":{"line":153,"column":26},"end":{"line":155,"column":7}},"line":153},"21":{"name":"renderResults","decl":{"start":{"line":159,"column":11},"end":{"line":159,"column":24}},"loc":{"start":{"line":159,"column":40},"end":{"line":201,"column":3}},"line":159},"22":{"name":"getInitials","decl":{"start":{"line":204,"column":11},"end":{"line":204,"column":22}},"loc":{"start":{"line":204,"column":44},"end":{"line":216,"column":3}},"line":204},"23":{"name":"toggleSpinner","decl":{"start":{"line":219,"column":11},"end":{"line":219,"column":24}},"loc":{"start":{"line":219,"column":31},"end":{"line":227,"column":3}},"line":219},"24":{"name":"showError","decl":{"start":{"line":230,"column":11},"end":{"line":230,"column":20}},"loc":{"start":{"line":230,"column":37},"end":{"line":245,"column":3}},"line":230},"25":{"name":"(anonymous_25)","decl":{"start":{"line":248,"column":20},"end":{"line":248,"column":21}},"loc":{"start":{"line":248,"column":31},"end":{"line":266,"column":3}},"line":248},"26":{"name":"(anonymous_26)","decl":{"start":{"line":249,"column":23},"end":{"line":249,"column":24}},"loc":{"start":{"line":249,"column":36},"end":{"line":265,"column":5}},"line":249},"27":{"name":"(anonymous_27)","decl":{"start":{"line":253,"column":49},"end":{"line":253,"column":50}},"loc":{"start":{"line":253,"column":60},"end":{"line":256,"column":9}},"line":253},"28":{"name":"(anonymous_28)","decl":{"start":{"line":259,"column":54},"end":{"line":259,"column":55}},"loc":{"start":{"line":259,"column":65},"end":{"line":263,"column":9}},"line":259}},"branchMap":{"0":{"loc":{"start":{"line":43,"column":6},"end":{"line":45,"column":7}},"type":"if","locations":[{"start":{"line":43,"column":6},"end":{"line":45,"column":7}},{"start":{},"end":{}}],"line":43},"1":{"loc":{"start":{"line":77,"column":6},"end":{"line":79,"column":7}},"type":"if","locations":[{"start":{"line":77,"column":6},"end":{"line":79,"column":7}},{"start":{},"end":{}}],"line":77},"2":{"loc":{"start":{"line":77,"column":10},"end":{"line":77,"column":98}},"type":"binary-expr","locations":[{"start":{"line":77,"column":10},"end":{"line":77,"column":20}},{"start":{"line":77,"column":24},"end":{"line":77,"column":98}}],"line":77},"3":{"loc":{"start":{"line":90,"column":4},"end":{"line":92,"column":5}},"type":"if","locations":[{"start":{"line":90,"column":4},"end":{"line":92,"column":5}},{"start":{},"end":{}}],"line":90},"4":{"loc":{"start":{"line":99,"column":23},"end":{"line":99,"column":76}},"type":"cond-expr","locations":[{"start":{"line":99,"column":54},"end":{"line":99,"column":61}},{"start":{"line":99,"column":64},"end":{"line":99,"column":76}}],"line":99},"5":{"loc":{"start":{"line":105,"column":4},"end":{"line":109,"column":5}},"type":"if","locations":[{"start":{"line":105,"column":4},"end":{"line":109,"column":5}},{"start":{"line":107,"column":11},"end":{"line":109,"column":5}}],"line":105},"6":{"loc":{"start":{"line":125,"column":31},"end":{"line":125,"column":48}},"type":"binary-expr","locations":[{"start":{"line":125,"column":31},"end":{"line":125,"column":42}},{"start":{"line":125,"column":46},"end":{"line":125,"column":48}}],"line":125},"7":{"loc":{"start":{"line":148,"column":36},"end":{"line":148,"column":57}},"type":"binary-expr","locations":[{"start":{"line":148,"column":36},"end":{"line":148,"column":51}},{"start":{"line":148,"column":55},"end":{"line":148,"column":57}}],"line":148},"8":{"loc":{"start":{"line":162,"column":4},"end":{"line":169,"column":5}},"type":"if","locations":[{"start":{"line":162,"column":4},"end":{"line":169,"column":5}},{"start":{},"end":{}}],"line":162},"9":{"loc":{"start":{"line":186,"column":41},"end":{"line":186,"column":80}},"type":"cond-expr","locations":[{"start":{"line":186,"column":57},"end":{"line":186,"column":66}},{"start":{"line":186,"column":69},"end":{"line":186,"column":80}}],"line":186},"10":{"loc":{"start":{"line":187,"column":18},"end":{"line":187,"column":55}},"type":"cond-expr","locations":[{"start":{"line":187,"column":34},"end":{"line":187,"column":42}},{"start":{"line":187,"column":45},"end":{"line":187,"column":55}}],"line":187},"11":{"loc":{"start":{"line":189,"column":16},"end":{"line":191,"column":68}},"type":"cond-expr","locations":[{"start":{"line":190,"column":16},"end":{"line":190,"column":61}},{"start":{"line":191,"column":16},"end":{"line":191,"column":68}}],"line":189},"12":{"loc":{"start":{"line":207,"column":4},"end":{"line":209,"column":5}},"type":"if","locations":[{"start":{"line":207,"column":4},"end":{"line":209,"column":5}},{"start":{},"end":{}}],"line":207},"13":{"loc":{"start":{"line":211,"column":4},"end":{"line":213,"column":5}},"type":"if","locations":[{"start":{"line":211,"column":4},"end":{"line":213,"column":5}},{"start":{},"end":{}}],"line":211},"14":{"loc":{"start":{"line":215,"column":11},"end":{"line":215,"column":26}},"type":"binary-expr","locations":[{"start":{"line":215,"column":11},"end":{"line":215,"column":19}},{"start":{"line":215,"column":23},"end":{"line":215,"column":26}}],"line":215},"15":{"loc":{"start":{"line":222,"column":4},"end":{"line":226,"column":5}},"type":"if","locations":[{"start":{"line":222,"column":4},"end":{"line":226,"column":5}},{"start":{"line":224,"column":11},"end":{"line":226,"column":5}}],"line":222},"16":{"loc":{"start":{"line":250,"column":6},"end":{"line":264,"column":7}},"type":"if","locations":[{"start":{"line":250,"column":6},"end":{"line":264,"column":7}},{"start":{"line":252,"column":13},"end":{"line":264,"column":7}}],"line":250},"17":{"loc":{"start":{"line":260,"column":10},"end":{"line":262,"column":11}},"type":"if","locations":[{"start":{"line":260,"column":10},"end":{"line":262,"column":11}},{"start":{},"end":{}}],"line":260}},"s":{"0":1,"1":4,"2":4,"3":4,"4":4,"5":4,"6":4,"7":4,"8":4,"9":4,"10":4,"11":0,"12":4,"13":0,"14":4,"15":0,"16":0,"17":4,"18":4,"19":8,"20":0,"21":0,"22":0,"23":0,"24":0,"25":0,"26":0,"27":0,"28":4,"29":4,"30":4,"31":4,"32":0,"33":0,"34":0,"35":0,"36":0,"37":0,"38":0,"39":0,"40":0,"41":0,"42":0,"43":0,"44":0,"45":0,"46":0,"47":0,"48":0,"49":0,"50":0,"51":0,"52":0,"53":0,"54":0,"55":0,"56":0,"57":0,"58":0,"59":0,"60":0,"61":0,"62":0,"63":0,"64":0,"65":0,"66":0,"67":0,"68":0,"69":0,"70":0,"71":0,"72":0,"73":0,"74":0,"75":0,"76":0,"77":0,"78":0,"79":0,"80":0,"81":0,"82":0,"83":4,"84":4,"85":4,"86":4,"87":0,"88":0,"89":0,"90":0,"91":0,"92":4},"f":{"0":4,"1":4,"2":4,"3":0,"4":0,"5":8,"6":0,"7":0,"8":0,"9":4,"10":4,"11":0,"12":0,"13":0,"14":0,"15":0,"16":0,"17":0,"18":0,"19":0,"20":0,"21":0,"22":0,"23":0,"24":0,"25":4,"26":4,"27":0,"28":0},"b":{"0":[0,0],"1":[0,4],"2":[4,4],"3":[0,0],"4":[0,0],"5":[0,0],"6":[0,0],"7":[0,0],"8":[0,0],"9":[0,0],"10":[0,0],"11":[0,0],"12":[0,0],"13":[0,0],"14":[0,0],"15":[0,0],"16":[4,0],"17":[0,0]},"_coverageSchema":"1a1c01bbd47fc00a2c39e90264f33305004495a9","hash":"8a66c655b3c8047d581ec84990fdb06aee788ca1"}
}
