TN:
SF:\\Posh-nas\nas\repo\change_management\app\scripts\app.js
FN:9,(anonymous_0)
FN:16,(anonymous_1)
FN:35,setupEventListeners
FN:37,(anonymous_3)
FN:42,(anonymous_4)
FN:50,(anonymous_5)
FN:51,(anonymous_6)
FN:55,(anonymous_7)
FN:64,(anonymous_8)
FN:71,getInstallationParameters
FN:72,(anonymous_10)
FN:80,(anonymous_11)
FN:86,performSearch
FN:113,searchUsers
FN:123,(anonymous_14)
FN:127,(anonymous_15)
FN:130,(anonymous_16)
FN:136,searchRequesters
FN:146,(anonymous_18)
FN:150,(anonymous_19)
FN:153,(anonymous_20)
FN:159,renderResults
FN:204,getInitials
FN:219,toggleSpinner
FN:230,showError
FN:248,(anonymous_25)
FN:249,(anonymous_26)
FN:253,(anonymous_27)
FN:259,(anonymous_28)
FNF:29
FNH:8
FNDA:4,(anonymous_0)
FNDA:4,(anonymous_1)
FNDA:4,setupEventListeners
FNDA:0,(anonymous_3)
FNDA:0,(anonymous_4)
FNDA:8,(anonymous_5)
FNDA:0,(anonymous_6)
FNDA:0,(anonymous_7)
FNDA:0,(anonymous_8)
FNDA:4,getInstallationParameters
FNDA:4,(anonymous_10)
FNDA:0,(anonymous_11)
FNDA:0,performSearch
FNDA:0,searchUsers
FNDA:0,(anonymous_14)
FNDA:0,(anonymous_15)
FNDA:0,(anonymous_16)
FNDA:0,searchRequesters
FNDA:0,(anonymous_18)
FNDA:0,(anonymous_19)
FNDA:0,(anonymous_20)
FNDA:0,renderResults
FNDA:0,getInitials
FNDA:0,toggleSpinner
FNDA:0,showError
FNDA:4,(anonymous_25)
FNDA:4,(anonymous_26)
FNDA:0,(anonymous_27)
FNDA:0,(anonymous_28)
DA:9,1
DA:10,4
DA:11,4
DA:13,4
DA:16,4
DA:17,4
DA:19,4
DA:20,4
DA:23,4
DA:26,4
DA:28,4
DA:30,0
DA:37,4
DA:38,0
DA:42,4
DA:43,0
DA:44,0
DA:49,4
DA:50,4
DA:51,8
DA:52,0
DA:55,0
DA:56,0
DA:60,0
DA:61,0
DA:64,0
DA:65,0
DA:72,4
DA:73,4
DA:74,4
DA:77,4
DA:78,0
DA:81,0
DA:87,0
DA:88,0
DA:90,0
DA:91,0
DA:95,0
DA:98,0
DA:99,0
DA:102,0
DA:105,0
DA:106,0
DA:108,0
DA:114,0
DA:122,0
DA:124,0
DA:125,0
DA:128,0
DA:131,0
DA:137,0
DA:145,0
DA:147,0
DA:148,0
DA:151,0
DA:154,0
DA:160,0
DA:162,0
DA:163,0
DA:168,0
DA:172,0
DA:175,0
DA:176,0
DA:177,0
DA:179,0
DA:200,0
DA:205,0
DA:207,0
DA:208,0
DA:211,0
DA:212,0
DA:215,0
DA:220,0
DA:222,0
DA:223,0
DA:225,0
DA:231,0
DA:234,0
DA:237,0
DA:238,0
DA:240,0
DA:248,4
DA:249,4
DA:250,4
DA:251,4
DA:253,0
DA:255,0
DA:259,0
DA:260,0
DA:261,0
DA:269,4
LF:91
LH:25
BRDA:43,0,0,0
BRDA:43,0,1,0
BRDA:77,1,0,0
BRDA:77,1,1,4
BRDA:77,2,0,4
BRDA:77,2,1,4
BRDA:90,3,0,0
BRDA:90,3,1,0
BRDA:99,4,0,0
BRDA:99,4,1,0
BRDA:105,5,0,0
BRDA:105,5,1,0
BRDA:125,6,0,0
BRDA:125,6,1,0
BRDA:148,7,0,0
BRDA:148,7,1,0
BRDA:162,8,0,0
BRDA:162,8,1,0
BRDA:186,9,0,0
BRDA:186,9,1,0
BRDA:187,10,0,0
BRDA:187,10,1,0
BRDA:189,11,0,0
BRDA:189,11,1,0
BRDA:207,12,0,0
BRDA:207,12,1,0
BRDA:211,13,0,0
BRDA:211,13,1,0
BRDA:215,14,0,0
BRDA:215,14,1,0
BRDA:222,15,0,0
BRDA:222,15,1,0
BRDA:250,16,0,4
BRDA:250,16,1,0
BRDA:260,17,0,0
BRDA:260,17,1,0
BRF:36
BRH:4
end_of_record
